<?xml version="1.0" encoding="UTF-8"?>
<testsuite xmlns:xsi="http://www.w3.org/2001/XMLSchema-instance" xsi:noNamespaceSchemaLocation="https://maven.apache.org/surefire/maven-surefire-plugin/xsd/surefire-test-report-3.0.xsd" version="3.0" name="testRunner.TestRunner" time="969.824" tests="23" errors="0" skipped="0" failures="2">
  <properties>
[...]
</properties>
  <testcase name="TC-01:Jobseeker searches for a job and sorts by newest date posted via Chromebrowser #1" classname="NHS Job Search Functionality" time="53.335">
    <system-out><![CDATA[
@All @Regression @ChromeBrowser
Scenario Outline: TC-01:Jobseeker searches for a job and sorts by newest date posted via Chromebrowser # src/test/java/features/nhs_JobSearch.feature:17
  Given I am a jobseeker on NHS Jobs website                                                           # stepDefs.NhsJobSearchStepDef.i_am_a_jobseeker_on_nhs_jobs_website()
  When I put "Automation Test Engineer" and "London" into the Search functionality                     # stepDefs.NhsJobSearchStepDef.i_put_preferences_into_the_search_functionality(java.lang.String,java.lang.String)
  Then I should get a list of jobs which matches my preferences                                        # stepDefs.NhsJobSearchStepDef.i_should_get_a_list_of_jobs_which_matches_my_preferences()
  And sort my search results with "Date Posted (newest)"  and from dropdown "sort"                     # stepDefs.NhsJobSearchStepDef.sort_my_search_results_with_the_newest_date_posted_if_the_job_results_avialable(java.lang.String,java.lang.String)
]]></system-out>
    <system-err><![CDATA[SLF4J(W): No SLF4J providers were found.
SLF4J(W): Defaulting to no-operation (NOP) logger implementation
SLF4J(W): See https://www.slf4j.org/codes.html#noProviders for further details.
Jun 26, 2025 2:12:30 PM org.openqa.selenium.devtools.CdpVersionFinder findNearestMatch
WARNING: Unable to find an exact match for CDP version 137, returning the closest version; found: 136; Please update to a Selenium version that supports CDP version 137
]]></system-err>
  </testcase>
  <testcase name="TC-01:Jobseeker searches for a job and sorts by newest date posted via Chromebrowser #2" classname="NHS Job Search Functionality" time="81.207">
    <system-out><![CDATA[
@All @Regression @ChromeBrowser
Scenario Outline: TC-01:Jobseeker searches for a job and sorts by newest date posted via Chromebrowser # src/test/java/features/nhs_JobSearch.feature:18
  Given I am a jobseeker on NHS Jobs website                                                           # stepDefs.NhsJobSearchStepDef.i_am_a_jobseeker_on_nhs_jobs_website()
  When I put "QA" and "Southampton" into the Search functionality                                      # stepDefs.NhsJobSearchStepDef.i_put_preferences_into_the_search_functionality(java.lang.String,java.lang.String)
  Then I should get a list of jobs which matches my preferences                                        # stepDefs.NhsJobSearchStepDef.i_should_get_a_list_of_jobs_which_matches_my_preferences()
  And sort my search results with "Date Posted (newest)"  and from dropdown "sort"                     # stepDefs.NhsJobSearchStepDef.sort_my_search_results_with_the_newest_date_posted_if_the_job_results_avialable(java.lang.String,java.lang.String)
]]></system-out>
    <system-err><![CDATA[Jun 26, 2025 2:13:22 PM org.openqa.selenium.devtools.CdpVersionFinder findNearestMatch
WARNING: Unable to find an exact match for CDP version 137, returning the closest version; found: 136; Please update to a Selenium version that supports CDP version 137
]]></system-err>
  </testcase>
  <testcase name="TC-01:Jobseeker searches for a job and sorts by newest date posted via Chromebrowser #3" classname="NHS Job Search Functionality" time="81.236">
    <system-out><![CDATA[
@All @Regression @ChromeBrowser
Scenario Outline: TC-01:Jobseeker searches for a job and sorts by newest date posted via Chromebrowser # src/test/java/features/nhs_JobSearch.feature:19
  Given I am a jobseeker on NHS Jobs website                                                           # stepDefs.NhsJobSearchStepDef.i_am_a_jobseeker_on_nhs_jobs_website()
  When I put "QA engineer" and "England" into the Search functionality                                 # stepDefs.NhsJobSearchStepDef.i_put_preferences_into_the_search_functionality(java.lang.String,java.lang.String)
  Then I should get a list of jobs which matches my preferences                                        # stepDefs.NhsJobSearchStepDef.i_should_get_a_list_of_jobs_which_matches_my_preferences()
  And sort my search results with "Date Posted (newest)"  and from dropdown "sort"                     # stepDefs.NhsJobSearchStepDef.sort_my_search_results_with_the_newest_date_posted_if_the_job_results_avialable(java.lang.String,java.lang.String)
]]></system-out>
    <system-err><![CDATA[Jun 26, 2025 2:14:43 PM org.openqa.selenium.devtools.CdpVersionFinder findNearestMatch
WARNING: Unable to find an exact match for CDP version 137, returning the closest version; found: 136; Please update to a Selenium version that supports CDP version 137
]]></system-err>
  </testcase>
  <testcase name="TC-01:Jobseeker searches for a job and sorts by newest date posted via Chromebrowser #4" classname="NHS Job Search Functionality" time="6.352">
    <system-out><![CDATA[
@All @Regression @ChromeBrowser
Scenario Outline: TC-01:Jobseeker searches for a job and sorts by newest date posted via Chromebrowser # src/test/java/features/nhs_JobSearch.feature:20
  Given I am a jobseeker on NHS Jobs website                                                           # stepDefs.NhsJobSearchStepDef.i_am_a_jobseeker_on_nhs_jobs_website()
  When I put "Moon" and "" into the Search functionality                                               # stepDefs.NhsJobSearchStepDef.i_put_preferences_into_the_search_functionality(java.lang.String,java.lang.String)
  Then I should get a list of jobs which matches my preferences                                        # stepDefs.NhsJobSearchStepDef.i_should_get_a_list_of_jobs_which_matches_my_preferences()
  And sort my search results with "Date Posted (newest)"  and from dropdown "sort"                     # stepDefs.NhsJobSearchStepDef.sort_my_search_results_with_the_newest_date_posted_if_the_job_results_avialable(java.lang.String,java.lang.String)
]]></system-out>
    <system-err><![CDATA[Jun 26, 2025 2:16:04 PM org.openqa.selenium.devtools.CdpVersionFinder findNearestMatch
WARNING: Unable to find an exact match for CDP version 137, returning the closest version; found: 136; Please update to a Selenium version that supports CDP version 137
]]></system-err>
  </testcase>
  <testcase name="TC-02: Jobseeker searches for a job and sorts by newest date posted via Firefox Browser #1" classname="NHS Job Search Functionality" time="9.98">
    <system-out><![CDATA[
@All @Regression1 @FireFoxBrowser
Scenario Outline: TC-02: Jobseeker searches for a job and sorts by newest date posted via Firefox Browser # src/test/java/features/nhs_JobSearch.feature:31
  Given I am a jobseeker on NHS Jobs website                                                              # stepDefs.NhsJobSearchStepDef.i_am_a_jobseeker_on_nhs_jobs_website()
  When I put "Software Test Engineer" and "London" into the Search functionality                          # stepDefs.NhsJobSearchStepDef.i_put_preferences_into_the_search_functionality(java.lang.String,java.lang.String)
  Then I should get a list of jobs which matches my preferences                                           # stepDefs.NhsJobSearchStepDef.i_should_get_a_list_of_jobs_which_matches_my_preferences()
  And sort my search results with "Date Posted (newest)"  and from dropdown "sort"                        # stepDefs.NhsJobSearchStepDef.sort_my_search_results_with_the_newest_date_posted_if_the_job_results_avialable(java.lang.String,java.lang.String)
]]></system-out>
  </testcase>
  <testcase name="TC-02: Jobseeker searches for a job and sorts by newest date posted via Firefox Browser #2" classname="NHS Job Search Functionality" time="27.795">
    <system-out><![CDATA[
@All @Regression1 @FireFoxBrowser
Scenario Outline: TC-02: Jobseeker searches for a job and sorts by newest date posted via Firefox Browser # src/test/java/features/nhs_JobSearch.feature:32
  Given I am a jobseeker on NHS Jobs website                                                              # stepDefs.NhsJobSearchStepDef.i_am_a_jobseeker_on_nhs_jobs_website()
  When I put "QA Automation engineer" and "Southampton" into the Search functionality                     # stepDefs.NhsJobSearchStepDef.i_put_preferences_into_the_search_functionality(java.lang.String,java.lang.String)
  Then I should get a list of jobs which matches my preferences                                           # stepDefs.NhsJobSearchStepDef.i_should_get_a_list_of_jobs_which_matches_my_preferences()
  And sort my search results with "Date Posted (newest)"  and from dropdown "sort"                        # stepDefs.NhsJobSearchStepDef.sort_my_search_results_with_the_newest_date_posted_if_the_job_results_avialable(java.lang.String,java.lang.String)
]]></system-out>
  </testcase>
  <testcase name="TC-02: Jobseeker searches for a job and sorts by newest date posted via Firefox Browser #3" classname="NHS Job Search Functionality" time="67.246">
    <system-out><![CDATA[
@All @Regression1 @FireFoxBrowser
Scenario Outline: TC-02: Jobseeker searches for a job and sorts by newest date posted via Firefox Browser # src/test/java/features/nhs_JobSearch.feature:33
  Given I am a jobseeker on NHS Jobs website                                                              # stepDefs.NhsJobSearchStepDef.i_am_a_jobseeker_on_nhs_jobs_website()
  When I put "QA engineer" and "Southampton" into the Search functionality                                # stepDefs.NhsJobSearchStepDef.i_put_preferences_into_the_search_functionality(java.lang.String,java.lang.String)
  Then I should get a list of jobs which matches my preferences                                           # stepDefs.NhsJobSearchStepDef.i_should_get_a_list_of_jobs_which_matches_my_preferences()
  And sort my search results with "Date Posted (newest)"  and from dropdown "sort"                        # stepDefs.NhsJobSearchStepDef.sort_my_search_results_with_the_newest_date_posted_if_the_job_results_avialable(java.lang.String,java.lang.String)
]]></system-out>
  </testcase>
  <testcase name="TC-03:Jobseeker searches for a invalid job/locations via chrome browser #1" classname="NHS Job Search Functionality" time="25.252">
    <system-out><![CDATA[
@All @NegativeTests @ChromeBrowser
Scenario Outline: TC-03:Jobseeker searches for a invalid job/locations via chrome browser # src/test/java/features/nhs_JobSearch.feature:45
  Given I am a jobseeker on NHS Jobs website                                              # stepDefs.NhsJobSearchStepDef.i_am_a_jobseeker_on_nhs_jobs_website()
  When I put "1234567" and "London" into the Search functionality                         # stepDefs.NhsJobSearchStepDef.i_put_preferences_into_the_search_functionality(java.lang.String,java.lang.String)
  Then Validate the error message                                                         # stepDefs.NhsJobSearchStepDef.Validate_the_error_message(io.cucumber.datatable.DataTable)
    | ErrorMsg        |
    | no result found |
]]></system-out>
    <system-err><![CDATA[Jun 26, 2025 2:18:06 PM org.openqa.selenium.devtools.CdpVersionFinder findNearestMatch
WARNING: Unable to find an exact match for CDP version 137, returning the closest version; found: 136; Please update to a Selenium version that supports CDP version 137
]]></system-err>
  </testcase>
  <testcase name="TC-03:Jobseeker searches for a invalid job/locations via chrome browser #2" classname="NHS Job Search Functionality" time="21.253">
    <system-out><![CDATA[
@All @NegativeTests @ChromeBrowser
Scenario Outline: TC-03:Jobseeker searches for a invalid job/locations via chrome browser # src/test/java/features/nhs_JobSearch.feature:46
  Given I am a jobseeker on NHS Jobs website                                              # stepDefs.NhsJobSearchStepDef.i_am_a_jobseeker_on_nhs_jobs_website()
  When I put "-------------" and "London" into the Search functionality                   # stepDefs.NhsJobSearchStepDef.i_put_preferences_into_the_search_functionality(java.lang.String,java.lang.String)
  Then Validate the error message                                                         # stepDefs.NhsJobSearchStepDef.Validate_the_error_message(io.cucumber.datatable.DataTable)
    | ErrorMsg        |
    | no result found |
]]></system-out>
    <system-err><![CDATA[Jun 26, 2025 2:18:28 PM org.openqa.selenium.devtools.CdpVersionFinder findNearestMatch
WARNING: Unable to find an exact match for CDP version 137, returning the closest version; found: 136; Please update to a Selenium version that supports CDP version 137
]]></system-err>
  </testcase>
  <testcase name="TC-03:Jobseeker searches for a invalid job/locations via chrome browser #3" classname="NHS Job Search Functionality" time="22.038">
    <system-out><![CDATA[
@All @NegativeTests @ChromeBrowser
Scenario Outline: TC-03:Jobseeker searches for a invalid job/locations via chrome browser # src/test/java/features/nhs_JobSearch.feature:47
  Given I am a jobseeker on NHS Jobs website                                              # stepDefs.NhsJobSearchStepDef.i_am_a_jobseeker_on_nhs_jobs_website()
  When I put "-------------" and "London1111111" into the Search functionality            # stepDefs.NhsJobSearchStepDef.i_put_preferences_into_the_search_functionality(java.lang.String,java.lang.String)
  Then Validate the error message                                                         # stepDefs.NhsJobSearchStepDef.Validate_the_error_message(io.cucumber.datatable.DataTable)
    | ErrorMsg           |
    | location not found |
]]></system-out>
    <system-err><![CDATA[Jun 26, 2025 2:18:50 PM org.openqa.selenium.devtools.CdpVersionFinder findNearestMatch
WARNING: Unable to find an exact match for CDP version 137, returning the closest version; found: 136; Please update to a Selenium version that supports CDP version 137
]]></system-err>
  </testcase>
  <testcase name="TC-03:Jobseeker searches for a invalid job/locations via chrome browser #4" classname="NHS Job Search Functionality" time="21.218">
    <system-out><![CDATA[
@All @NegativeTests @ChromeBrowser
Scenario Outline: TC-03:Jobseeker searches for a invalid job/locations via chrome browser # src/test/java/features/nhs_JobSearch.feature:48
  Given I am a jobseeker on NHS Jobs website                                              # stepDefs.NhsJobSearchStepDef.i_am_a_jobseeker_on_nhs_jobs_website()
  When I put "Software Testing" and "Ep1111111" into the Search functionality             # stepDefs.NhsJobSearchStepDef.i_put_preferences_into_the_search_functionality(java.lang.String,java.lang.String)
  Then Validate the error message                                                         # stepDefs.NhsJobSearchStepDef.Validate_the_error_message(io.cucumber.datatable.DataTable)
    | ErrorMsg           |
    | location not found |
]]></system-out>
    <system-err><![CDATA[Jun 26, 2025 2:19:12 PM org.openqa.selenium.devtools.CdpVersionFinder findNearestMatch
WARNING: Unable to find an exact match for CDP version 137, returning the closest version; found: 136; Please update to a Selenium version that supports CDP version 137
]]></system-err>
  </testcase>
  <testcase name="TC-03:Jobseeker searches for a invalid job/locations via chrome browser #5" classname="NHS Job Search Functionality" time="20.676">
    <system-out><![CDATA[
@All @NegativeTests @ChromeBrowser
Scenario Outline: TC-03:Jobseeker searches for a invalid job/locations via chrome browser # src/test/java/features/nhs_JobSearch.feature:49
  Given I am a jobseeker on NHS Jobs website                                              # stepDefs.NhsJobSearchStepDef.i_am_a_jobseeker_on_nhs_jobs_website()
  When I put "A" and "L" into the Search functionality                                    # stepDefs.NhsJobSearchStepDef.i_put_preferences_into_the_search_functionality(java.lang.String,java.lang.String)
  Then Validate the error message                                                         # stepDefs.NhsJobSearchStepDef.Validate_the_error_message(io.cucumber.datatable.DataTable)
    | ErrorMsg        |
    | no result found |
]]></system-out>
    <system-err><![CDATA[Jun 26, 2025 2:19:33 PM org.openqa.selenium.devtools.CdpVersionFinder findNearestMatch
WARNING: Unable to find an exact match for CDP version 137, returning the closest version; found: 136; Please update to a Selenium version that supports CDP version 137
]]></system-err>
  </testcase>
  <testcase name="TC-03:Jobseeker searches for a invalid job/locations via chrome browser #6" classname="NHS Job Search Functionality" time="20.801">
    <system-out><![CDATA[
@All @NegativeTests @ChromeBrowser
Scenario Outline: TC-03:Jobseeker searches for a invalid job/locations via chrome browser # src/test/java/features/nhs_JobSearch.feature:50
  Given I am a jobseeker on NHS Jobs website                                              # stepDefs.NhsJobSearchStepDef.i_am_a_jobseeker_on_nhs_jobs_website()
  When I put "Nurse" and "!@#$%^&*" into the Search functionality                         # stepDefs.NhsJobSearchStepDef.i_put_preferences_into_the_search_functionality(java.lang.String,java.lang.String)
  Then Validate the error message                                                         # stepDefs.NhsJobSearchStepDef.Validate_the_error_message(io.cucumber.datatable.DataTable)
    | ErrorMsg           |
    | location not found |
]]></system-out>
    <system-err><![CDATA[Jun 26, 2025 2:19:53 PM org.openqa.selenium.devtools.CdpVersionFinder findNearestMatch
WARNING: Unable to find an exact match for CDP version 137, returning the closest version; found: 136; Please update to a Selenium version that supports CDP version 137
]]></system-err>
  </testcase>
  <testcase name="TC-03:Jobseeker searches for a invalid job/locations via chrome browser #7" classname="NHS Job Search Functionality" time="30.155">
    <failure message="Expected message not found" type="java.lang.AssertionError"><![CDATA[java.lang.AssertionError: Expected message not found
	at org.junit.Assert.fail(Assert.java:89)
	at org.junit.Assert.assertTrue(Assert.java:42)
	at pages.JobsearchPage.validate_error_message(JobsearchPage.java:251)
	at stepDefs.NhsJobSearchStepDef.Validate_the_error_message(NhsJobSearchStepDef.java:114)
	at ✽.Validate the error message(file:///C:/Users/rojan/Downloads/GIFTY_E_B_NHSBSA/NHS/src/test/java/features/nhs_JobSearch.feature:39)
]]></failure>
    <system-out><![CDATA[
@All @NegativeTests @ChromeBrowser
Scenario Outline: TC-03:Jobseeker searches for a invalid job/locations via chrome browser # src/test/java/features/nhs_JobSearch.feature:51
  Given I am a jobseeker on NHS Jobs website                                              # stepDefs.NhsJobSearchStepDef.i_am_a_jobseeker_on_nhs_jobs_website()
  When I put "<256-char-string>" and "London" into the Search functionality               # stepDefs.NhsJobSearchStepDef.i_put_preferences_into_the_search_functionality(java.lang.String,java.lang.String)
  Then Validate the error message                                                         # stepDefs.NhsJobSearchStepDef.Validate_the_error_message(io.cucumber.datatable.DataTable)
    | ErrorMsg        |
    | no result found |
      java.lang.AssertionError: Expected message not found
      	at org.junit.Assert.fail(Assert.java:89)
      	at org.junit.Assert.assertTrue(Assert.java:42)
      	at pages.JobsearchPage.validate_error_message(JobsearchPage.java:251)
      	at stepDefs.NhsJobSearchStepDef.Validate_the_error_message(NhsJobSearchStepDef.java:114)
      	at ✽.Validate the error message(file:///C:/Users/rojan/Downloads/GIFTY_E_B_NHSBSA/NHS/src/test/java/features/nhs_JobSearch.feature:39)
]]></system-out>
    <system-err><![CDATA[Jun 26, 2025 2:20:14 PM org.openqa.selenium.devtools.CdpVersionFinder findNearestMatch
WARNING: Unable to find an exact match for CDP version 137, returning the closest version; found: 136; Please update to a Selenium version that supports CDP version 137
]]></system-err>
  </testcase>
  <testcase name="TC-03:Jobseeker searches for a invalid job/locations via chrome browser #8" classname="NHS Job Search Functionality" time="27.169">
    <system-out><![CDATA[
@All @NegativeTests @ChromeBrowser
Scenario Outline: TC-03:Jobseeker searches for a invalid job/locations via chrome browser # src/test/java/features/nhs_JobSearch.feature:52
  Given I am a jobseeker on NHS Jobs website                                              # stepDefs.NhsJobSearchStepDef.i_am_a_jobseeker_on_nhs_jobs_website()
  When I put "Nurse" and "<256-char-string>" into the Search functionality                # stepDefs.NhsJobSearchStepDef.i_put_preferences_into_the_search_functionality(java.lang.String,java.lang.String)
  Then Validate the error message                                                         # stepDefs.NhsJobSearchStepDef.Validate_the_error_message(io.cucumber.datatable.DataTable)
    | ErrorMsg           |
    | location not found |
]]></system-out>
    <system-err><![CDATA[Jun 26, 2025 2:20:45 PM org.openqa.selenium.devtools.CdpVersionFinder findNearestMatch
WARNING: Unable to find an exact match for CDP version 137, returning the closest version; found: 136; Please update to a Selenium version that supports CDP version 137
]]></system-err>
  </testcase>
  <testcase name="TC-04:Jobseeker searches for a job and sorts by newest date posted with all filtered values via chrome browser #1" classname="NHS Job Search Functionality" time="32.271">
    <system-out><![CDATA[
@All @Regression3 @ChromeBrowser
Scenario Outline: TC-04:Jobseeker searches for a job and sorts by newest date posted with all filtered values via chrome browser # src/test/java/features/nhs_JobSearch.feature:65
  Given I am a jobseeker on NHS Jobs website                                                                                     # stepDefs.NhsJobSearchStepDef.i_am_a_jobseeker_on_nhs_jobs_website()
  When I put all values into the Search functionality                                                                            # stepDefs.NhsJobSearchStepDef.I_put_all_values_into_the_Search_functionalitys(io.cucumber.datatable.DataTable)
    | jobTitle | location | jobReference  | employer                    | distance | payRange           |
    | Nurse    | London   | 391-3689-BANK | Thomas NHS Foundation Trust | +5 Miles | £30,000 to £40,000 |
  Then I should get a list of jobs which matches my preferences                                                                  # stepDefs.NhsJobSearchStepDef.i_should_get_a_list_of_jobs_which_matches_my_preferences()
  And sort my search results with "Date Posted (newest)"  and from dropdown "sort"                                               # stepDefs.NhsJobSearchStepDef.sort_my_search_results_with_the_newest_date_posted_if_the_job_results_avialable(java.lang.String,java.lang.String)
]]></system-out>
    <system-err><![CDATA[Jun 26, 2025 2:21:12 PM org.openqa.selenium.devtools.CdpVersionFinder findNearestMatch
WARNING: Unable to find an exact match for CDP version 137, returning the closest version; found: 136; Please update to a Selenium version that supports CDP version 137
]]></system-err>
  </testcase>
  <testcase name="TC-04:Jobseeker searches for a job and sorts by newest date posted with all filtered values via chrome browser #2" classname="NHS Job Search Functionality" time="37.687">
    <system-out><![CDATA[
@All @Regression3 @ChromeBrowser
Scenario Outline: TC-04:Jobseeker searches for a job and sorts by newest date posted with all filtered values via chrome browser # src/test/java/features/nhs_JobSearch.feature:66
  Given I am a jobseeker on NHS Jobs website                                                                                     # stepDefs.NhsJobSearchStepDef.i_am_a_jobseeker_on_nhs_jobs_website()
  When I put all values into the Search functionality                                                                            # stepDefs.NhsJobSearchStepDef.I_put_all_values_into_the_Search_functionalitys(io.cucumber.datatable.DataTable)
    | jobTitle | location | jobReference | employer                    | distance | payRange           |
    | Nurse    | London   | [empty]      | Thomas NHS Foundation Trust | +5 Miles | £30,000 to £40,000 |
  Then I should get a list of jobs which matches my preferences                                                                  # stepDefs.NhsJobSearchStepDef.i_should_get_a_list_of_jobs_which_matches_my_preferences()
  And sort my search results with "Date Posted (newest)"  and from dropdown "sort"                                               # stepDefs.NhsJobSearchStepDef.sort_my_search_results_with_the_newest_date_posted_if_the_job_results_avialable(java.lang.String,java.lang.String)
]]></system-out>
    <system-err><![CDATA[Jun 26, 2025 2:21:46 PM org.openqa.selenium.devtools.CdpVersionFinder findNearestMatch
WARNING: Unable to find an exact match for CDP version 137, returning the closest version; found: 136; Please update to a Selenium version that supports CDP version 137
]]></system-err>
  </testcase>
  <testcase name="TC-05:Jobseeker searches for a job and sorts by newest date posted with all filtered values via firefox browser #1" classname="NHS Job Search Functionality" time="86.624">
    <system-out><![CDATA[
@All @Regression4 @FireFoxBrowser
Scenario Outline: TC-05:Jobseeker searches for a job and sorts by newest date posted with all filtered values via firefox browser # src/test/java/features/nhs_JobSearch.feature:79
  Given I am a jobseeker on NHS Jobs website                                                                                      # stepDefs.NhsJobSearchStepDef.i_am_a_jobseeker_on_nhs_jobs_website()
  When I put all values into the Search functionality                                                                             # stepDefs.NhsJobSearchStepDef.I_put_all_values_into_the_Search_functionalitys(io.cucumber.datatable.DataTable)
    | jobTitle | location | jobReference  | employer                    | distance | payRange           |
    | Nurse    | London   | 391-3689-BANK | Thomas NHS Foundation Trust | +5 Miles | £30,000 to £40,000 |
  Then I should get a list of jobs which matches my preferences                                                                   # stepDefs.NhsJobSearchStepDef.i_should_get_a_list_of_jobs_which_matches_my_preferences()
  And sort my search results with "Date Posted (newest)"  and from dropdown "sort"                                                # stepDefs.NhsJobSearchStepDef.sort_my_search_results_with_the_newest_date_posted_if_the_job_results_avialable(java.lang.String,java.lang.String)
]]></system-out>
  </testcase>
  <testcase name="TC-05:Jobseeker searches for a job and sorts by newest date posted with all filtered values via firefox browser #2" classname="NHS Job Search Functionality" time="83.192">
    <system-out><![CDATA[
@All @Regression4 @FireFoxBrowser
Scenario Outline: TC-05:Jobseeker searches for a job and sorts by newest date posted with all filtered values via firefox browser # src/test/java/features/nhs_JobSearch.feature:80
  Given I am a jobseeker on NHS Jobs website                                                                                      # stepDefs.NhsJobSearchStepDef.i_am_a_jobseeker_on_nhs_jobs_website()
  When I put all values into the Search functionality                                                                             # stepDefs.NhsJobSearchStepDef.I_put_all_values_into_the_Search_functionalitys(io.cucumber.datatable.DataTable)
    | jobTitle | location | jobReference | employer                    | distance | payRange           |
    | Nurse    | London   | [empty]      | Thomas NHS Foundation Trust | +5 Miles | £30,000 to £40,000 |
  Then I should get a list of jobs which matches my preferences                                                                   # stepDefs.NhsJobSearchStepDef.i_should_get_a_list_of_jobs_which_matches_my_preferences()
  And sort my search results with "Date Posted (newest)"  and from dropdown "sort"                                                # stepDefs.NhsJobSearchStepDef.sort_my_search_results_with_the_newest_date_posted_if_the_job_results_avialable(java.lang.String,java.lang.String)
]]></system-out>
  </testcase>
  <testcase name="TC-05:Jobseeker searches for a job and sorts by newest date posted with all filtered values via firefox browser #3" classname="NHS Job Search Functionality" time="59.335">
    <system-out><![CDATA[
@All @Regression4 @FireFoxBrowser
Scenario Outline: TC-05:Jobseeker searches for a job and sorts by newest date posted with all filtered values via firefox browser # src/test/java/features/nhs_JobSearch.feature:81
  Given I am a jobseeker on NHS Jobs website                                                                                      # stepDefs.NhsJobSearchStepDef.i_am_a_jobseeker_on_nhs_jobs_website()
  When I put all values into the Search functionality                                                                             # stepDefs.NhsJobSearchStepDef.I_put_all_values_into_the_Search_functionalitys(io.cucumber.datatable.DataTable)
    | jobTitle | location | jobReference | employer                    | distance | payRange           |
    | [empty]  | London   | [empty]      | Thomas NHS Foundation Trust | +5 Miles | £30,000 to £40,000 |
  Then I should get a list of jobs which matches my preferences                                                                   # stepDefs.NhsJobSearchStepDef.i_should_get_a_list_of_jobs_which_matches_my_preferences()
  And sort my search results with "Date Posted (newest)"  and from dropdown "sort"                                                # stepDefs.NhsJobSearchStepDef.sort_my_search_results_with_the_newest_date_posted_if_the_job_results_avialable(java.lang.String,java.lang.String)
]]></system-out>
  </testcase>
  <testcase name="TC-06:Jobseeker searches for  invalid values in all filtered values via firefox browser #1" classname="NHS Job Search Functionality" time="50.858">
    <system-out><![CDATA[
@All @NegativeTests1 @FireFoxBrowser
Scenario Outline: TC-06:Jobseeker searches for  invalid values in all filtered values via firefox browser # src/test/java/features/nhs_JobSearch.feature:95
  Given I am a jobseeker on NHS Jobs website                                                              # stepDefs.NhsJobSearchStepDef.i_am_a_jobseeker_on_nhs_jobs_website()
  When I put all values into the Search functionality                                                     # stepDefs.NhsJobSearchStepDef.I_put_all_values_into_the_Search_functionalitys(io.cucumber.datatable.DataTable)
    | jobTitle | location          | jobReference  | employer                    | distance | payRange           |
    | Nurse    | 11111111111111111 | 391-3689-BANK | Thomas NHS Foundation Trust | +5 Miles | £30,000 to £40,000 |
  Then Validate the error message                                                                         # stepDefs.NhsJobSearchStepDef.Validate_the_error_message(io.cucumber.datatable.DataTable)
    | ErrorMsg |
    | [empty]  |
]]></system-out>
  </testcase>
  <testcase name="TC-06:Jobseeker searches for  invalid values in all filtered values via firefox browser #2" classname="NHS Job Search Functionality" time="51.574">
    <system-out><![CDATA[
@All @NegativeTests1 @FireFoxBrowser
Scenario Outline: TC-06:Jobseeker searches for  invalid values in all filtered values via firefox browser # src/test/java/features/nhs_JobSearch.feature:96
  Given I am a jobseeker on NHS Jobs website                                                              # stepDefs.NhsJobSearchStepDef.i_am_a_jobseeker_on_nhs_jobs_website()
  When I put all values into the Search functionality                                                     # stepDefs.NhsJobSearchStepDef.I_put_all_values_into_the_Search_functionalitys(io.cucumber.datatable.DataTable)
    | jobTitle | location | jobReference | employer                    | distance | payRange           |
    | Nurse    | London   | aaaaa        | Thomas NHS Foundation Trust | +5 Miles | £30,000 to £40,000 |
  Then Validate the error message                                                                         # stepDefs.NhsJobSearchStepDef.Validate_the_error_message(io.cucumber.datatable.DataTable)
    | ErrorMsg        |
    | no result found |
]]></system-out>
  </testcase>
  <testcase name="TC-06:Jobseeker searches for  invalid values in all filtered values via firefox browser #3" classname="NHS Job Search Functionality" time="50.533">
    <failure message="Expected message not found" type="java.lang.AssertionError"><![CDATA[java.lang.AssertionError: Expected message not found
	at org.junit.Assert.fail(Assert.java:89)
	at org.junit.Assert.assertTrue(Assert.java:42)
	at pages.JobsearchPage.validate_error_message(JobsearchPage.java:251)
	at stepDefs.NhsJobSearchStepDef.Validate_the_error_message(NhsJobSearchStepDef.java:114)
	at ✽.Validate the error message(file:///C:/Users/rojan/Downloads/GIFTY_E_B_NHSBSA/NHS/src/test/java/features/nhs_JobSearch.feature:89)
]]></failure>
    <system-out><![CDATA[
@All @NegativeTests1 @FireFoxBrowser
Scenario Outline: TC-06:Jobseeker searches for  invalid values in all filtered values via firefox browser # src/test/java/features/nhs_JobSearch.feature:97
  Given I am a jobseeker on NHS Jobs website                                                              # stepDefs.NhsJobSearchStepDef.i_am_a_jobseeker_on_nhs_jobs_website()
  When I put all values into the Search functionality                                                     # stepDefs.NhsJobSearchStepDef.I_put_all_values_into_the_Search_functionalitys(io.cucumber.datatable.DataTable)
    | jobTitle | location | jobReference  | employer        | distance | payRange           |
    | Nurse    | London   | 391-3689-BANK | 111111111111111 | +5 Miles | £30,000 to £40,000 |
  Then Validate the error message                                                                         # stepDefs.NhsJobSearchStepDef.Validate_the_error_message(io.cucumber.datatable.DataTable)
    | ErrorMsg         |
    | invalid employer |
      java.lang.AssertionError: Expected message not found
      	at org.junit.Assert.fail(Assert.java:89)
      	at org.junit.Assert.assertTrue(Assert.java:42)
      	at pages.JobsearchPage.validate_error_message(JobsearchPage.java:251)
      	at stepDefs.NhsJobSearchStepDef.Validate_the_error_message(NhsJobSearchStepDef.java:114)
      	at ✽.Validate the error message(file:///C:/Users/rojan/Downloads/GIFTY_E_B_NHSBSA/NHS/src/test/java/features/nhs_JobSearch.feature:89)
]]></system-out>
  </testcase>
</testsuite>